This is pdfTeX, Version 3.1415926-1.40.10 (TeX Live 2009/Debian) (format=pdflatex 2014.3.21)  27 NOV 2014 13:04
entering extended mode
 %&-line parsing enabled.
**tcc.tex
(./tcc.tex
LaTeX2e <2009/09/24>
Babel <v3.8l> and hyphenation patterns for english, usenglishmax, dumylang, noh
yphenation, portuguese, loaded.
(./iiufrgs.cls
Document Class: iiufrgs 2005/01/14 v4.3.1 Formatacao de documentos para o II/UF
RGS
(/usr/share/texmf-texlive/tex/latex/base/report.cls
Document Class: report 2007/10/19 v1.4h Standard LaTeX document class
(/usr/share/texmf-texlive/tex/latex/base/size12.clo
File: size12.clo 2007/10/19 v1.4h Standard LaTeX file (size option)
)
\c@part=\count79
\c@chapter=\count80
\c@section=\count81
\c@subsection=\count82
\c@subsubsection=\count83
\c@paragraph=\count84
\c@subparagraph=\count85
\c@figure=\count86
\c@table=\count87
\abovecaptionskip=\skip41
\belowcaptionskip=\skip42
\bibindent=\dimen102
)
(/usr/share/texmf-texlive/tex/generic/babel/babel.sty
Package: babel 2008/07/06 v3.8l The Babel package

(/usr/share/texmf-texlive/tex/generic/babel/english.ldf
Language: english 2005/03/30 v3.3o English support from the babel system

(/usr/share/texmf-texlive/tex/generic/babel/babel.def
File: babel.def 2008/07/06 v3.8l Babel common definitions
\babel@savecnt=\count88
\U@D=\dimen103
)
\l@british = a dialect from \language\l@english 
\l@UKenglish = a dialect from \language\l@english 
\l@canadian = a dialect from \language\l@american 
\l@australian = a dialect from \language\l@british 
\l@newzealand = a dialect from \language\l@british 
)
(/usr/share/texmf-texlive/tex/generic/babel/portuges.ldf
Language: portuges 2008/03/18 v1.2q Portuguese support from the babel system
\l@brazilian = a dialect from \language\l@portuges 
Package babel Info: Making " an active character on input line 145.
)) (./brazilian.babel)
(./english.babel) (/usr/share/texmf-texlive/tex/latex/lastpage/lastpage.sty
Package: lastpage 1994/06/25 v0.1b LaTeX2e package for refs to last page number
 (JPG)
)
(/usr/share/texmf-texlive/tex/latex/tools/indentfirst.sty
Package: indentfirst 1995/11/23 v1.03 Indent first paragraph (DPC)
) (./iidefs.sty
Package: iidefs 

(/usr/share/texmf-texlive/tex/latex/graphics/graphicx.sty
Package: graphicx 1999/02/16 v1.0f Enhanced LaTeX Graphics (DPC,SPQR)

(/usr/share/texmf-texlive/tex/latex/graphics/keyval.sty
Package: keyval 1999/03/16 v1.13 key=value parser (DPC)
\KV@toks@=\toks14
)
(/usr/share/texmf-texlive/tex/latex/graphics/graphics.sty
Package: graphics 2009/02/05 v1.0o Standard LaTeX Graphics (DPC,SPQR)

(/usr/share/texmf-texlive/tex/latex/graphics/trig.sty
Package: trig 1999/03/16 v1.09 sin cos tan (DPC)
)
(/etc/texmf/tex/latex/config/graphics.cfg
File: graphics.cfg 2009/08/28 v1.8 graphics configuration of TeX Live
)
Package graphics Info: Driver file: pdftex.def on input line 91.

(/usr/share/texmf-texlive/tex/latex/pdftex-def/pdftex.def
File: pdftex.def 2010/03/12 v0.04p Graphics/color for pdfTeX
\Gread@gobject=\count89
))
\Gin@req@height=\dimen104
\Gin@req@width=\dimen105
)
\ABNTsignwidth=\skip43
\ABNTsignskip=\skip44
\ABNTsignthickness=\skip45
)
(/usr/share/texmf-texlive/tex/latex/natbib/natbib.sty
Package: natbib 2009/07/16 8.31 (PWD, AO)
\bibhang=\skip46
\bibsep=\skip47
LaTeX Info: Redefining \cite on input line 694.
\c@NAT@ctr=\count90
)
\ii@topmargin=\skip48
\ii@pagenummargin=\skip49
\ii@bottommargin=\skip50
\ii@sidemargin=\skip51
\c@ii@authorcount=\count91
\c@kwcounter=\count92
\titlepagewinwidth=\skip52
\titlepagewinheight=\skip53
\titlepagewinvoffset=\skip54
\ii@chapnumindent=\skip55
) (./tc.def
File: tc.def 2003/02/03 Trabalho de Conclusao
)
(/usr/share/texmf-texlive/tex/latex/base/fontenc.sty
Package: fontenc 2005/09/27 v1.99g Standard LaTeX package

(/usr/share/texmf-texlive/tex/latex/base/t1enc.def
File: t1enc.def 2005/09/27 v1.99g Standard LaTeX file
LaTeX Font Info:    Redeclaring font encoding T1 on input line 43.
))
(/usr/share/texmf-texlive/tex/latex/base/inputenc.sty
Package: inputenc 2008/03/30 v1.1d Input encoding file
\inpenc@prehook=\toks15
\inpenc@posthook=\toks16

(/usr/share/texmf-texlive/tex/latex/base/utf8.def
File: utf8.def 2008/04/05 v1.1m UTF-8 support for inputenc
Now handling font encoding OML ...
... no UTF-8 mapping file for font encoding OML
Now handling font encoding T1 ...
... processing UTF-8 mapping file for font encoding T1

(/usr/share/texmf-texlive/tex/latex/base/t1enc.dfu
File: t1enc.dfu 2008/04/05 v1.1m UTF-8 support for inputenc
   defining Unicode char U+00A1 (decimal 161)
   defining Unicode char U+00A3 (decimal 163)
   defining Unicode char U+00AB (decimal 171)
   defining Unicode char U+00BB (decimal 187)
   defining Unicode char U+00BF (decimal 191)
   defining Unicode char U+00C0 (decimal 192)
   defining Unicode char U+00C1 (decimal 193)
   defining Unicode char U+00C2 (decimal 194)
   defining Unicode char U+00C3 (decimal 195)
   defining Unicode char U+00C4 (decimal 196)
   defining Unicode char U+00C5 (decimal 197)
   defining Unicode char U+00C6 (decimal 198)
   defining Unicode char U+00C7 (decimal 199)
   defining Unicode char U+00C8 (decimal 200)
   defining Unicode char U+00C9 (decimal 201)
   defining Unicode char U+00CA (decimal 202)
   defining Unicode char U+00CB (decimal 203)
   defining Unicode char U+00CC (decimal 204)
   defining Unicode char U+00CD (decimal 205)
   defining Unicode char U+00CE (decimal 206)
   defining Unicode char U+00CF (decimal 207)
   defining Unicode char U+00D0 (decimal 208)
   defining Unicode char U+00D1 (decimal 209)
   defining Unicode char U+00D2 (decimal 210)
   defining Unicode char U+00D3 (decimal 211)
   defining Unicode char U+00D4 (decimal 212)
   defining Unicode char U+00D5 (decimal 213)
   defining Unicode char U+00D6 (decimal 214)
   defining Unicode char U+00D8 (decimal 216)
   defining Unicode char U+00D9 (decimal 217)
   defining Unicode char U+00DA (decimal 218)
   defining Unicode char U+00DB (decimal 219)
   defining Unicode char U+00DC (decimal 220)
   defining Unicode char U+00DD (decimal 221)
   defining Unicode char U+00DE (decimal 222)
   defining Unicode char U+00DF (decimal 223)
   defining Unicode char U+00E0 (decimal 224)
   defining Unicode char U+00E1 (decimal 225)
   defining Unicode char U+00E2 (decimal 226)
   defining Unicode char U+00E3 (decimal 227)
   defining Unicode char U+00E4 (decimal 228)
   defining Unicode char U+00E5 (decimal 229)
   defining Unicode char U+00E6 (decimal 230)
   defining Unicode char U+00E7 (decimal 231)
   defining Unicode char U+00E8 (decimal 232)
   defining Unicode char U+00E9 (decimal 233)
   defining Unicode char U+00EA (decimal 234)
   defining Unicode char U+00EB (decimal 235)
   defining Unicode char U+00EC (decimal 236)
   defining Unicode char U+00ED (decimal 237)
   defining Unicode char U+00EE (decimal 238)
   defining Unicode char U+00EF (decimal 239)
   defining Unicode char U+00F0 (decimal 240)
   defining Unicode char U+00F1 (decimal 241)
   defining Unicode char U+00F2 (decimal 242)
   defining Unicode char U+00F3 (decimal 243)
   defining Unicode char U+00F4 (decimal 244)
   defining Unicode char U+00F5 (decimal 245)
   defining Unicode char U+00F6 (decimal 246)
   defining Unicode char U+00F8 (decimal 248)
   defining Unicode char U+00F9 (decimal 249)
   defining Unicode char U+00FA (decimal 250)
   defining Unicode char U+00FB (decimal 251)
   defining Unicode char U+00FC (decimal 252)
   defining Unicode char U+00FD (decimal 253)
   defining Unicode char U+00FE (decimal 254)
   defining Unicode char U+00FF (decimal 255)
   defining Unicode char U+0102 (decimal 258)
   defining Unicode char U+0103 (decimal 259)
   defining Unicode char U+0104 (decimal 260)
   defining Unicode char U+0105 (decimal 261)
   defining Unicode char U+0106 (decimal 262)
   defining Unicode char U+0107 (decimal 263)
   defining Unicode char U+010C (decimal 268)
   defining Unicode char U+010D (decimal 269)
   defining Unicode char U+010E (decimal 270)
   defining Unicode char U+010F (decimal 271)
   defining Unicode char U+0110 (decimal 272)
   defining Unicode char U+0111 (decimal 273)
   defining Unicode char U+0118 (decimal 280)
   defining Unicode char U+0119 (decimal 281)
   defining Unicode char U+011A (decimal 282)
   defining Unicode char U+011B (decimal 283)
   defining Unicode char U+011E (decimal 286)
   defining Unicode char U+011F (decimal 287)
   defining Unicode char U+0130 (decimal 304)
   defining Unicode char U+0131 (decimal 305)
   defining Unicode char U+0132 (decimal 306)
   defining Unicode char U+0133 (decimal 307)
   defining Unicode char U+0139 (decimal 313)
   defining Unicode char U+013A (decimal 314)
   defining Unicode char U+013D (decimal 317)
   defining Unicode char U+013E (decimal 318)
   defining Unicode char U+0141 (decimal 321)
   defining Unicode char U+0142 (decimal 322)
   defining Unicode char U+0143 (decimal 323)
   defining Unicode char U+0144 (decimal 324)
   defining Unicode char U+0147 (decimal 327)
   defining Unicode char U+0148 (decimal 328)
   defining Unicode char U+014A (decimal 330)
   defining Unicode char U+014B (decimal 331)
   defining Unicode char U+0150 (decimal 336)
   defining Unicode char U+0151 (decimal 337)
   defining Unicode char U+0152 (decimal 338)
   defining Unicode char U+0153 (decimal 339)
   defining Unicode char U+0154 (decimal 340)
   defining Unicode char U+0155 (decimal 341)
   defining Unicode char U+0158 (decimal 344)
   defining Unicode char U+0159 (decimal 345)
   defining Unicode char U+015A (decimal 346)
   defining Unicode char U+015B (decimal 347)
   defining Unicode char U+015E (decimal 350)
   defining Unicode char U+015F (decimal 351)
   defining Unicode char U+0160 (decimal 352)
   defining Unicode char U+0161 (decimal 353)
   defining Unicode char U+0162 (decimal 354)
   defining Unicode char U+0163 (decimal 355)
   defining Unicode char U+0164 (decimal 356)
   defining Unicode char U+0165 (decimal 357)
   defining Unicode char U+016E (decimal 366)
   defining Unicode char U+016F (decimal 367)
   defining Unicode char U+0170 (decimal 368)
   defining Unicode char U+0171 (decimal 369)
   defining Unicode char U+0178 (decimal 376)
   defining Unicode char U+0179 (decimal 377)
   defining Unicode char U+017A (decimal 378)
   defining Unicode char U+017B (decimal 379)
   defining Unicode char U+017C (decimal 380)
   defining Unicode char U+017D (decimal 381)
   defining Unicode char U+017E (decimal 382)
   defining Unicode char U+200C (decimal 8204)
   defining Unicode char U+2013 (decimal 8211)
   defining Unicode char U+2014 (decimal 8212)
   defining Unicode char U+2018 (decimal 8216)
   defining Unicode char U+2019 (decimal 8217)
   defining Unicode char U+201A (decimal 8218)
   defining Unicode char U+201C (decimal 8220)
   defining Unicode char U+201D (decimal 8221)
   defining Unicode char U+201E (decimal 8222)
   defining Unicode char U+2030 (decimal 8240)
   defining Unicode char U+2031 (decimal 8241)
   defining Unicode char U+2039 (decimal 8249)
   defining Unicode char U+203A (decimal 8250)
   defining Unicode char U+2423 (decimal 9251)
)
Now handling font encoding OT1 ...
... processing UTF-8 mapping file for font encoding OT1

(/usr/share/texmf-texlive/tex/latex/base/ot1enc.dfu
File: ot1enc.dfu 2008/04/05 v1.1m UTF-8 support for inputenc
   defining Unicode char U+00A1 (decimal 161)
   defining Unicode char U+00A3 (decimal 163)
   defining Unicode char U+00B8 (decimal 184)
   defining Unicode char U+00BF (decimal 191)
   defining Unicode char U+00C5 (decimal 197)
   defining Unicode char U+00C6 (decimal 198)
   defining Unicode char U+00D8 (decimal 216)
   defining Unicode char U+00DF (decimal 223)
   defining Unicode char U+00E6 (decimal 230)
   defining Unicode char U+00EC (decimal 236)
   defining Unicode char U+00ED (decimal 237)
   defining Unicode char U+00EE (decimal 238)
   defining Unicode char U+00EF (decimal 239)
   defining Unicode char U+00F8 (decimal 248)
   defining Unicode char U+0131 (decimal 305)
   defining Unicode char U+0141 (decimal 321)
   defining Unicode char U+0142 (decimal 322)
   defining Unicode char U+0152 (decimal 338)
   defining Unicode char U+0153 (decimal 339)
   defining Unicode char U+2013 (decimal 8211)
   defining Unicode char U+2014 (decimal 8212)
   defining Unicode char U+2018 (decimal 8216)
   defining Unicode char U+2019 (decimal 8217)
   defining Unicode char U+201C (decimal 8220)
   defining Unicode char U+201D (decimal 8221)
)
Now handling font encoding OMS ...
... processing UTF-8 mapping file for font encoding OMS

(/usr/share/texmf-texlive/tex/latex/base/omsenc.dfu
File: omsenc.dfu 2008/04/05 v1.1m UTF-8 support for inputenc
   defining Unicode char U+00A7 (decimal 167)
   defining Unicode char U+00B6 (decimal 182)
   defining Unicode char U+00B7 (decimal 183)
   defining Unicode char U+2020 (decimal 8224)
   defining Unicode char U+2021 (decimal 8225)
   defining Unicode char U+2022 (decimal 8226)
)
Now handling font encoding OMX ...
... no UTF-8 mapping file for font encoding OMX
Now handling font encoding U ...
... no UTF-8 mapping file for font encoding U
   defining Unicode char U+00A9 (decimal 169)
   defining Unicode char U+00AA (decimal 170)
   defining Unicode char U+00AE (decimal 174)
   defining Unicode char U+00BA (decimal 186)
   defining Unicode char U+02C6 (decimal 710)
   defining Unicode char U+02DC (decimal 732)
   defining Unicode char U+200C (decimal 8204)
   defining Unicode char U+2026 (decimal 8230)
   defining Unicode char U+2122 (decimal 8482)
   defining Unicode char U+2423 (decimal 9251)
))
(/usr/share/texmf-texlive/tex/latex/psnfss/times.sty
Package: times 2005/04/12 PSNFSS-v9.2a (SPQR) 
)
(/usr/share/texmf-texlive/tex/latex/multirow/multirow.sty
\bigstrutjot=\dimen106
)
(/usr/share/texmf-texlive/tex/latex/subfigure/subfigure.sty
Package: subfigure 2002/03/15 v2.1.5 subfigure package
\subfigtopskip=\skip56
\subfigcapskip=\skip57
\subfigcaptopadj=\dimen107
\subfigbottomskip=\skip58
\subfigcapmargin=\dimen108
\subfiglabelskip=\skip59
\c@subfigure=\count93
\c@lofdepth=\count94
\c@subtable=\count95
\c@lotdepth=\count96

****************************************
* Local config file subfigure.cfg used *
****************************************
(/usr/share/texmf-texlive/tex/latex/subfigure/subfigure.cfg)
\subfig@top=\skip60
\subfig@bottom=\skip61
)
(/usr/share/texmf-texlive/tex/latex/listings/listings.sty
\lst@mode=\count97
\lst@gtempboxa=\box26
\lst@token=\toks17
\lst@length=\count98
\lst@currlwidth=\dimen109
\lst@column=\count99
\lst@pos=\count100
\lst@lostspace=\dimen110
\lst@width=\dimen111
\lst@newlines=\count101
\lst@lineno=\count102
\lst@maxwidth=\dimen112

(/usr/share/texmf-texlive/tex/latex/listings/lstmisc.sty
File: lstmisc.sty 2007/02/22 1.4 (Carsten Heinz)
\c@lstnumber=\count103
\lst@skipnumbers=\count104
\lst@framebox=\box27
)
(/usr/share/texmf-texlive/tex/latex/listings/listings.cfg
File: listings.cfg 2007/02/22 1.4 listings configuration
))
Package: listings 2007/02/22 1.4 (Carsten Heinz)

(/usr/share/texmf-texlive/tex/latex/carlisle/scalefnt.sty)
(/usr/share/texmf-texlive/tex/latex/tools/tabularx.sty
Package: tabularx 1999/01/07 v2.07 `tabularx' package (DPC)

(/usr/share/texmf-texlive/tex/latex/tools/array.sty
Package: array 2008/09/09 v2.4c Tabular extension package (FMi)
\col@sep=\dimen113
\extrarowheight=\dimen114
\NC@list=\toks18
\extratabsurround=\skip62
\backup@length=\skip63
)
\TX@col@width=\dimen115
\TX@old@table=\dimen116
\TX@old@col=\dimen117
\TX@target=\dimen118
\TX@delta=\dimen119
\TX@cols=\count105
\TX@ftn=\toks19
)
(/usr/share/texmf-texlive/tex/latex/setspace/setspace.sty
Package: setspace 2000/12/01 6.7 Contributed and Supported LaTeX2e package

Package: `setspace' 6.7 <2000/12/01>
) (./tcc.aux)
\openout1 = `tcc.aux'.

LaTeX Font Info:    Checking defaults for OML/cmm/m/it on input line 42.
LaTeX Font Info:    ... okay on input line 42.
LaTeX Font Info:    Checking defaults for T1/cmr/m/n on input line 42.
LaTeX Font Info:    ... okay on input line 42.
LaTeX Font Info:    Checking defaults for OT1/cmr/m/n on input line 42.
LaTeX Font Info:    ... okay on input line 42.
LaTeX Font Info:    Checking defaults for OMS/cmsy/m/n on input line 42.
LaTeX Font Info:    ... okay on input line 42.
LaTeX Font Info:    Checking defaults for OMX/cmex/m/n on input line 42.
LaTeX Font Info:    ... okay on input line 42.
LaTeX Font Info:    Checking defaults for U/cmr/m/n on input line 42.
LaTeX Font Info:    ... okay on input line 42.
LaTeX Font Info:    Try loading font information for T1+ptm on input line 42.
 (/usr/share/texmf-texlive/tex/latex/psnfss/t1ptm.fd
File: t1ptm.fd 2001/06/04 font definitions for T1/ptm.
)
(./supp-pdf.mkii
[Loading MPS to PDF converter (version 2006.09.02).]
\scratchcounter=\count106
\scratchdimen=\dimen120
\scratchbox=\box28
\nofMPsegments=\count107
\nofMParguments=\count108
\everyMPshowfont=\toks20
\MPscratchCnt=\count109
\MPscratchDim=\dimen121
\MPnumerator=\count110
\everyMPtoPDFconversion=\toks21
)
\c@lstlisting=\count111
LaTeX Font Info:    Font shape `T1/ptm/bx/n' in size <14.4> not available
(Font)              Font shape `T1/ptm/b/n' tried instead on input line 44.

Underfull \hbox (badness 10000) in paragraph at lines 44--44

 []

[1

{/var/lib/texmf/fonts/map/pdftex/updmap/pdftex.map}]
LaTeX Font Info:    Font shape `T1/ptm/bx/n' in size <12> not available
(Font)              Font shape `T1/ptm/b/n' tried instead on input line 44.

Underfull \hbox (badness 1430) in paragraph at lines 44--44
[]\T1/ptm/m/n/12 1. AOP, By-te-code En-gi-ne-e-ring, Meta-programação, Fra-
 []

LaTeX Font Info:    External font `cmex10' loaded for size
(Font)              <12> on input line 44.
LaTeX Font Info:    External font `cmex10' loaded for size
(Font)              <8> on input line 44.
LaTeX Font Info:    External font `cmex10' loaded for size
(Font)              <6> on input line 44.

Underfull \hbox (badness 10000) in paragraph at lines 44--45

 []

[2


]
LaTeX Font Info:    Try loading font information for T1+phv on input line 46.
 (/usr/share/texmf-texlive/tex/latex/psnfss/t1phv.fd
File: t1phv.fd 2001/06/04 scalable font definitions for T1/phv.
)
LaTeX Font Info:    Font shape `T1/phv/bx/n' in size <16> not available
(Font)              Font shape `T1/phv/b/n' tried instead on input line 46.
 [3

]
LaTeX Font Info:    Font shape `T1/phv/m/it' in size <12> not available
(Font)              Font shape `T1/phv/m/sl' tried instead on input line 57.
 [4

] [5

] (./tcc.toc
LaTeX Font Info:    Font shape `T1/phv/bx/n' in size <12> not available
(Font)              Font shape `T1/phv/b/n' tried instead on input line 2.

Underfull \hbox (badness 10000) in paragraph at lines 2--2
 []  
 []


Underfull \hbox (badness 10000) in paragraph at lines 3--3
 []  
 []


Underfull \hbox (badness 10000) in paragraph at lines 4--4
 []  
 []


Underfull \hbox (badness 10000) in paragraph at lines 5--5
 []  
 []


Underfull \hbox (badness 10000) in paragraph at lines 6--6
 []  
 []


Underfull \hbox (badness 10000) in paragraph at lines 10--10
 []  
 []


Underfull \hbox (badness 10000) in paragraph at lines 17--17
 []  
 []


Underfull \hbox (badness 10000) in paragraph at lines 26--26
 []  
 []

[6

]
Underfull \hbox (badness 10000) in paragraph at lines 40--40
 []  
 []


Underfull \hbox (badness 10000) in paragraph at lines 46--46
 []  
 []


Underfull \hbox (badness 10000) in paragraph at lines 49--49
 []  
 []


Underfull \hbox (badness 10000) in paragraph at lines 66--66
 []  
 []


Underfull \hbox (badness 10000) in paragraph at lines 67--67
 []  
 []


Underfull \hbox (badness 10000) in paragraph at lines 68--68
 []  
 []


Underfull \hbox (badness 10000) in paragraph at lines 69--69
 []  
 []


Underfull \hbox (badness 10000) in paragraph at lines 71--71
 []  
 []

)
\tf@toc=\write3
\openout3 = `tcc.toc'.

 [7] [8

] (./tcc.lof
Overfull \hbox (0.94562pt too wide) in paragraph at lines 20--20
 [][] []\T1/ptm/m/n/12 Fluxograma de pro-ces-sos da JVM na exe-cu-ção de um \T1
/ptm/m/it/12 Agent \T1/ptm/m/n/12 (STÄRK; 
 []

LaTeX Font Info:    Try loading font information for T1+pcr on input line 23.
(/usr/share/texmf-texlive/tex/latex/psnfss/t1pcr.fd
File: t1pcr.fd 2001/06/04 font definitions for T1/pcr.
))
\tf@lof=\write4
\openout4 = `tcc.lof'.

 [9

] (./tcc.lot)
\tf@lot=\write5
\openout5 = `tcc.lot'.

 [10

]
[11

]
LaTeX Font Info:    External font `cmex10' loaded for size
(Font)              <7> on input line 98.
LaTeX Font Info:    External font `cmex10' loaded for size
(Font)              <5> on input line 98.
 [12

]
LaTeX Font Info:    Try loading font information for OMS+ptm on input line 110.

 (/usr/share/texmf-texlive/tex/latex/psnfss/omsptm.fd
File: omsptm.fd 
)
LaTeX Font Info:    Font shape `OMS/ptm/m/n' in size <12> not available
(Font)              Font shape `OMS/cmsy/m/n' tried instead on input line 110.
 [13] [14]
[15

] <figuras/funcionamentoAOP.png, id=56, 419.31656pt x 276.28218pt>
File: figuras/funcionamentoAOP.png Graphic file (type png)

<use figuras/funcionamentoAOP.png> [16 <./figuras/funcionamentoAOP.png (PNG cop
y)>] [17] [18] [19]
Underfull \vbox (badness 10000) has occurred while \output is active []

 [20

]
[21] [22] [23

]
Overfull \hbox (10.89195pt too wide) in paragraph at lines 275--276
\T1/ptm/m/n/12 modo a criar uma ins-tân-cia do com-po-nente es-pe-cí-fico (DA-M
A’E-VIƒIUS; ’TUIKYS,
 []

[24] [25] <figuras/criandoAnnotation.jpg, id=89, 702.625pt x 145.54375pt>
File: figuras/criandoAnnotation.jpg Graphic file (type jpg)

<use figuras/criandoAnnotation.jpg>
<figuras/usandoAnnotation.jpg, id=90, 331.2375pt x 89.33376pt>
File: figuras/usandoAnnotation.jpg Graphic file (type jpg)

<use figuras/usandoAnnotation.jpg>
Overfull \hbox (17.57492pt too wide) in paragraph at lines 337--338
[]\T1/ptm/m/n/12 Na lin-gua-gem Java pode-se uti-li-zar re-fle-xão por meio do 
pa-cote \T1/pcr/m/n/12 java.lang.reflect\T1/ptm/m/n/12 ,
 []

[26 <./figuras/criandoAnnotation.jpg> <./figuras/usandoAnnotation.jpg>]
<figuras/lendoAnnotation.jpg, id=94, 702.625pt x 351.3125pt>
File: figuras/lendoAnnotation.jpg Graphic file (type jpg)

<use figuras/lendoAnnotation.jpg>
Underfull \vbox (badness 5519) has occurred while \output is active []

 [27 <./figuras/lendoAnnotation.jpg>] [28] [29

] [30] [31

]
Underfull \vbox (badness 2707) has occurred while \output is active []

 [32

]
[33] <diagramas/fluxograma_Agent.png, id=117, 501.875pt x 702.625pt>
File: diagramas/fluxograma_Agent.png Graphic file (type png)

<use diagramas/fluxograma_Agent.png>
<diagramas/Framework_AOP.png, id=119, 850.67813pt x 1038.88126pt>
File: diagramas/Framework_AOP.png Graphic file (type png)

<use diagramas/Framework_AOP.png> [34 <./diagramas/fluxograma_Agent.png>]
[35 <./diagramas/Framework_AOP.png>] [36]
<diagramas/diagramaSequencia_Combinando.png, id=131, 1072.75781pt x 490.83376pt
>
File: diagramas/diagramaSequencia_Combinando.png Graphic file (type png)
 <use diagramas/diagramaSequencia_Combinando.png>
Overfull \hbox (2.30417pt too wide) in paragraph at lines 474--475
 [][] 
 []


Overfull \hbox (2.04976pt too wide) in paragraph at lines 479--480
\T1/ptm/m/n/12 criar e adi-ci-o-nar o trans-for-ma-dor de clas-ses, neste caso 
\T1/pcr/m/n/12 AOPClassFileTransformer\T1/ptm/m/n/12 ,
 []

[37 <./diagramas/diagramaSequencia_Combinando.png>] [38]
<figuras/implementacao/premain.png, id=140, 652.4375pt x 140.525pt>
File: figuras/implementacao/premain.png Graphic file (type png)

<use figuras/implementacao/premain.png>
<figuras/implementacao/manifesto.png, id=141, 341.275pt x 55.20625pt>
File: figuras/implementacao/manifesto.png Graphic file (type png)

<use figuras/implementacao/manifesto.png> [39 <./figuras/implementacao/premain.
png> <./figuras/implementacao/manifesto.png>]
<figuras/implementacao/transform.png, id=147, 707.64375pt x 286.06876pt>
File: figuras/implementacao/transform.png Graphic file (type png)

<use figuras/implementacao/transform.png>
<figuras/implementacao/processClass.png, id=148, 702.625pt x 401.5pt>
File: figuras/implementacao/processClass.png Graphic file (type png)

<use figuras/implementacao/processClass.png>
Overfull \hbox (21.06673pt too wide) in paragraph at lines 549--550
[]\T1/ptm/m/n/12 Através do \T1/ptm/m/it/12 by-te-code \T1/ptm/m/n/12 da classe
 que foi re-ce-bido por pa-râ-me-tro, o mé-todo \T1/pcr/m/n/12 processClass\T1/
ptm/m/n/12 ,
 []

[40 <./figuras/implementacao/transform.png> <./figuras/implementacao/processCla
ss.png>]
<figuras/implementacao/addadviceifannotated.png, id=154, 737.75626pt x 315.1775
pt>
File: figuras/implementacao/addadviceifannotated.png Graphic file (type png)
 <use figuras/implementacao/addadviceifannotated.png>
Overfull \hbox (15.86581pt too wide) in paragraph at lines 553--554
 [][] 
 []


Overfull \hbox (0.81409pt too wide) in paragraph at lines 560--561
\T1/ptm/m/n/12 ela será uma ano-ta-ção de ex-ten-são, cujo mé-todo cha-mado ser
á \T1/pcr/m/n/12 addExtensionAdvice\T1/ptm/m/n/12 .
 []

<figuras/implementacao/addnativeadvice.png, id=155, 702.625pt x 316.18124pt>
File: figuras/implementacao/addnativeadvice.png Graphic file (type png)

<use figuras/implementacao/addnativeadvice.png>
<figuras/implementacao/addextensionadvice.png, id=156, 772.8875pt x 210.7875pt>
File: figuras/implementacao/addextensionadvice.png Graphic file (type png)
<use figuras/implementacao/addextensionadvice.png> [41 <./figuras/implementacao
/addadviceifannotated.png> <./figuras/implementacao/addnativeadvice.png>]
Overfull \hbox (2.59752pt too wide) in paragraph at lines 582--583
[]\T1/ptm/m/n/12 As ano-ta-ções na-ti-vas são ano-ta-ções (\T1/ptm/m/it/12 an-n
o-ta-ti-ons\T1/ptm/m/n/12 ) uti-li-za-das por pa-drão pelo \T1/ptm/m/it/12 fra-
mework
 []


Underfull \vbox (badness 1845) has occurred while \output is active []

 [42 <./figuras/implementacao/addextensionadvice.png>]
<figuras/implementacao/weaver.png, id=166, 803.0pt x 265.99374pt>
File: figuras/implementacao/weaver.png Graphic file (type png)

<use figuras/implementacao/weaver.png> [43 <./figuras/implementacao/weaver.png>
] <figuras/implementacao/combine.png, id=172, 381.425pt x 143.53625pt>
File: figuras/implementacao/combine.png Graphic file (type png)

<use figuras/implementacao/combine.png>
<figuras/implementacao/addfields.png, id=173, 577.15625pt x 271.0125pt>
File: figuras/implementacao/addfields.png Graphic file (type png)

<use figuras/implementacao/addfields.png> [44 <./figuras/implementacao/combine.
png>] <figuras/implementacao/addfield.png, id=178, 752.8125pt x 175.65625pt>
File: figuras/implementacao/addfield.png Graphic file (type png)

<use figuras/implementacao/addfield.png>
<figuras/implementacao/getinitialvaluefield.png, id=179, 642.4pt x 271.0125pt>
File: figuras/implementacao/getinitialvaluefield.png Graphic file (type png)

<use figuras/implementacao/getinitialvaluefield.png> [45 <./figuras/implementac
ao/addfields.png> <./figuras/implementacao/addfield.png>]
<figuras/implementacao/addadvicemethod.png, id=185, 526.96875pt x 265.99374pt>
File: figuras/implementacao/addadvicemethod.png Graphic file (type png)

<use figuras/implementacao/addadvicemethod.png> [46 <./figuras/implementacao/ge
tinitialvaluefield.png>]
<figuras/implementacao/addbefore.png, id=190, 682.55pt x 195.73125pt>
File: figuras/implementacao/addbefore.png Graphic file (type png)

<use figuras/implementacao/addbefore.png>
<figuras/implementacao/createmethodinfo.png, id=191, 687.56876pt x 110.4125pt>
File: figuras/implementacao/createmethodinfo.png Graphic file (type png)

<use figuras/implementacao/createmethodinfo.png> [47 <./figuras/implementacao/a
ddadvicemethod.png> <./figuras/implementacao/addbefore.png>]
Overfull \hbox (25.92578pt too wide) in paragraph at lines 698--699
[]\T1/ptm/m/n/12 A im-ple-men-ta-ção do mé-todo \T1/pcr/m/n/12 addAfter \T1/ptm
/m/n/12 é pra-ti-ca-mente a mesma do mé-todo \T1/pcr/m/n/12 addBefore\T1/ptm/m/
n/12 ,
 []

<figuras/implementacao/addafter.png, id=197, 672.5125pt x 200.75pt>
File: figuras/implementacao/addafter.png Graphic file (type png)

<use figuras/implementacao/addafter.png> [48 <./figuras/implementacao/createmet
hodinfo.png> <./figuras/implementacao/addafter.png>] [49

] (./tcc.bbl [50

]
LaTeX Font Info:    Font shape `T1/ptm/bx/n' in size <8> not available
(Font)              Font shape `T1/ptm/b/n' tried instead on input line 11.

Underfull \hbox (badness 10000) in paragraph at lines 11--14
[]\T1/ptm/m/n/12 BCEL, A. C. \T1/ptm/b/n/12 Apa-che Com-mons BCEL$[]$\T1/ptm/m/
n/12 . Dis-po-ní-vel em:
 []


Underfull \hbox (badness 5189) in paragraph at lines 46--50
[]\T1/ptm/m/n/12 JAVA-SOURCE. \T1/ptm/b/n/12 Open Source By-te-Code Li-bra-ries
 in Java\T1/ptm/m/n/12 . Dis-po-ní-vel em:
 []


Underfull \hbox (badness 10000) in paragraph at lines 63--66
[]\T1/ptm/m/n/12 MILINKOVICH, M. \T1/ptm/b/n/12 About the Eclipse Foun-da-tion\
T1/ptm/m/n/12 . Dis-po-ní-vel em:
 []

[51

]
Underfull \hbox (badness 10000) in paragraph at lines 71--75
[]\T1/ptm/m/n/12 SRINIVASAN, K. \T1/ptm/b/n/12 In-tro-duc-tion to Java Agents\T
1/ptm/m/n/12 . Dis-po-ní-vel em:
 []


Underfull \hbox (badness 8189) in paragraph at lines 71--75
\T1/ptm/m/n/12 <http://www.javabeat.net/introduction-to-java-agents/>. Acesso e
m: 19 Ou-tu-bro.
 []

) [52] [53

] AED: lastpage setting LastPage [54

] (./tcc.aux) ) 
Here is how much of TeX's memory you used:
 4275 strings out of 495041
 57452 string characters out of 1181897
 115760 words of memory out of 3000000
 7334 multiletter control sequences out of 15000+50000
 55928 words of font info for 58 fonts, out of 3000000 for 9000
 33 hyphenation exceptions out of 8191
 39i,8n,32p,1223b,285s stack positions out of 5000i,500n,10000p,200000b,50000s
{/usr/share/texmf-texlive/fonts/enc/dvips/base/8r.enc}</usr/shar
e/texmf-texlive/fonts/type1/public/amsfonts/cm/cmsy10.pfb></usr/share/texmf-tex
live/fonts/type1/urw/courier/ucrr8a.pfb></usr/share/texmf-texlive/fonts/type1/u
rw/helvetic/uhvb8a.pfb></usr/share/texmf-texlive/fonts/type1/urw/helvetic/uhvro
8a.pfb></usr/share/texmf-texlive/fonts/type1/urw/times/utmb8a.pfb></usr/share/t
exmf-texlive/fonts/type1/urw/times/utmr8a.pfb></usr/share/texmf-texlive/fonts/t
ype1/urw/times/utmri8a.pfb>
Output written on tcc.pdf (54 pages, 1114321 bytes).
PDF statistics:
 248 PDF objects out of 1000 (max. 8388607)
 0 named destinations out of 1000 (max. 500000)
 116 words of extra memory for PDF output out of 10000 (max. 10000000)

